--- Log opened Mon Dec 28 13:34:51 2015
--- Log closed Mon Dec 28 13:34:51 2015
--- Log opened Mon Dec 28 21:03:50 2015
--- Log closed Mon Dec 28 21:03:51 2015
--- Log opened Tue Dec 29 00:23:42 2015
--- Log closed Tue Dec 29 00:23:42 2015
--- Log opened Wed Dec 30 15:30:21 2015
--- Log closed Wed Dec 30 15:30:22 2015
--- Log opened Wed Dec 30 17:39:39 2015
--- Log closed Wed Dec 30 17:39:39 2015
--- Log opened Wed Dec 30 18:23:00 2015
--- Log closed Wed Dec 30 18:23:01 2015
--- Log opened Thu Dec 31 14:23:37 2015
--- Log closed Thu Dec 31 14:23:37 2015
--- Log opened Thu Dec 31 15:11:44 2015
--- Log closed Thu Dec 31 15:11:45 2015
--- Log opened Sun Jan 03 17:45:55 2016
--- Log closed Sun Jan 03 17:45:56 2016
--- Log opened Wed Jan 06 20:48:17 2016
--- Log closed Wed Jan 06 20:48:18 2016
--- Log opened Sat Jan 09 13:51:20 2016
--- Log closed Sat Jan 09 13:51:20 2016
--- Log opened Sun Jan 10 11:24:22 2016
--- Log closed Sun Jan 10 11:24:22 2016
--- Log opened Sun Jan 17 14:00:19 2016
--- Log closed Sun Jan 17 14:00:19 2016
--- Log opened Sun Jan 17 14:33:56 2016
--- Log closed Sun Jan 17 14:33:56 2016
--- Log opened Sun Jan 17 15:26:08 2016
--- Log closed Sun Jan 17 15:26:09 2016
--- Log opened Sun Jan 17 16:19:12 2016
--- Log closed Sun Jan 17 16:19:12 2016
--- Log opened Mon Jan 18 16:43:00 2016
--- Log closed Mon Jan 18 16:43:01 2016
--- Log opened Tue Jan 19 16:07:54 2016
--- Log closed Tue Jan 19 16:07:55 2016
--- Log opened Tue Jan 19 17:19:25 2016
--- Log closed Tue Jan 19 17:19:25 2016
--- Log opened Tue Jan 19 17:32:43 2016
--- Log closed Tue Jan 19 17:32:44 2016
--- Log opened Wed Jan 20 06:14:55 2016
--- Log closed Wed Jan 20 06:14:55 2016
--- Log opened Wed Jan 20 13:44:24 2016
--- Log closed Wed Jan 20 13:44:25 2016
--- Log opened Thu Jan 21 17:08:32 2016
--- Log closed Thu Jan 21 17:08:32 2016
--- Log opened Fri Jan 22 07:47:19 2016
--- Log closed Fri Jan 22 07:47:19 2016
--- Log opened Fri Jan 22 13:03:23 2016
--- Log closed Fri Jan 22 13:03:24 2016
--- Log opened Fri Jan 22 15:56:14 2016
--- Log closed Fri Jan 22 15:56:14 2016
--- Log opened Fri Jan 22 16:09:19 2016
--- Log closed Fri Jan 22 16:09:20 2016
--- Log opened Sun Jan 24 18:08:36 2016
--- Log closed Sun Jan 24 18:08:37 2016
--- Log opened Mon Jan 25 10:20:53 2016
--- Log closed Mon Jan 25 10:20:54 2016
